C51 COMPILER V9.01   D7LED                                                                 06/13/2013 21:58:25 PAGE 1   


C51 COMPILER V9.01, COMPILATION OF MODULE D7LED
OBJECT MODULE PLACED IN d7led.OBJ
COMPILER INVOKED BY: J:\Keil\C51\BIN\C51.EXE d7led.c BROWSE DEBUG OBJECTEXTEND

line level    source

   1          #include <math.h>
   2          #include "header.h"
   3          #include "key8.h"
   4          #include "d7led.h"
   5          static ulong mainLoopCount=0;
   6          
   7          /***********************d7led***************/
   8          uchar code digitToD7led[16]={0x3F,0x06,0x5B,0x4F,0x66,0x6D,0x7D,0x07,0x7F,0x6F,0x77,0x7C,0x39,0x5E,0x79,0x
             -71};
   9          uchar d7led_outputBuffer[8]={0,0,0,0,0,0,0,0};
  10          uchar d7led_cur=0;
  11          void D7LED_showc(uchar num){
  12   1      d7led_port=digitToD7led[num];
  13   1      d7led_Select_port=7-d7led_cur;
  14   1      }
  15          void D7LED_show(ulong num){
  16   1      uchar i=0;
  17   1      #define BASE 10
  18   1      while(num){
  19   2      d7led_outputBuffer[i]=digitToD7led[num%BASE];
  20   2      num/=BASE;
  21   2      i++;
  22   2      }
  23   1      if(i==0)d7led_outputBuffer[i++]=digitToD7led[0];
  24   1      /**delete the leading 0**/
  25   1      for(;i<8;i++)d7led_outputBuffer[i]=0;
  26   1      }
  27          void D7LED_refresh(){
  28   1      d7led_cur++;d7led_cur%=8;
  29   1      d7led_port=d7led_outputBuffer[d7led_cur];
  30   1      d7led_Select_port=7-d7led_cur;
  31   1      }
  32          /***********************end d7led***************/
  33          
  34          
  35          #define _DO_TEST
  36          /**************test some thing****/
  37          #ifdef main
              #undef main
              #endif
  40          #define main test_main
  41          #ifdef main
  42          
  43          #endif
  44          #ifdef main
  45          #undef main
  46          #endif
  47          /************end test****/
  48          
  49          
  50          
  51          static void init(){
  52   1      mainLoopCount=0;
  53   1      D7LED_show(0);
  54   1      }
C51 COMPILER V9.01   D7LED                                                                 06/13/2013 21:58:25 PAGE 2   

  55          
  56          
  57          static void mainLoop(){
  58   1      static ulong num=0;
  59   1      #define SELECT 1
  60   1      
  61   1      #if SELECT==0
                      
              #endif
  64   1      
  65   1      #if SELECT==1
  66   1      uchar i;
  67   1      for(i=0;i<8;i++){
  68   2      if(isKeyPress(i)){
  69   3              num+=pow(10,i);
  70   3              D7LED_show(num);
  71   3      }
  72   2      }
  73   1      
  74   1      
  75   1      #endif
  76   1      
  77   1      #if SELECT==2
                      
              #endif
  80   1      #if SELECT==1
  81   1              
  82   1      #endif
  83   1      
  84   1      
  85   1      
  86   1      }
  87          
  88          int d7led_main(){
  89   1      #ifdef DO_TEST
              test_main();
              #endif
  92   1              init();
  93   1              while(1)
  94   1              {
  95   2                      processKey();
  96   2                      D7LED_refresh();
  97   2                      delayms(1);
  98   2                      mainLoop();
  99   2                      mainLoopCount++;
 100   2              }
 101   1              return 0;
 102   1      }


MODULE INFORMATION:   STATIC OVERLAYABLE
   CODE SIZE        =    305    ----
   CONSTANT SIZE    =     16    ----
   XDATA SIZE       =   ----    ----
   PDATA SIZE       =   ----    ----
   DATA SIZE        =     17       6
   IDATA SIZE       =   ----    ----
   BIT SIZE         =   ----    ----
END OF MODULE INFORMATION.


C51 COMPILATION COMPLETE.  0 WARNING(S),  0 ERROR(S)
