C51 COMPILER V9.01   LED                                                                   06/11/2013 21:38:48 PAGE 1   


C51 COMPILER V9.01, COMPILATION OF MODULE LED
OBJECT MODULE PLACED IN led.OBJ
COMPILER INVOKED BY: J:\KEIL\C51\BIN\C51.exe led.c

line level    source

   1          #include <reg51.h>
   2          #include <intrins.h>
   3          typedef unsigned char uchar;
   4          typedef unsigned char u8;
   5          typedef unsigned int u16;
   6          
   7          void delayms(u16 ms){
   8   1              uchar j=0;
   9   1              while(ms--)while(--j);
  10   1      }
  11          void delays(u16 s){
  12   1              while(s--)delayms(1000);
  13   1      }
  14          
  15          #define LED_Port P2
  16           void LED_show(u8 num){
  17   1              LED_Port=num;
  18   1      }
  19          
  20          void LED_test(){
  21   1              u8 num=0x33;
  22   1              while(1){
  23   2                      LED_show(num);
  24   2                      delays(1);
  25   2                      num=_crol_(num,1);
  26   2              /*      if(num&0x01){
  27   2                              num>>=1;
  28   2                              num|=0x80;
  29   2                      }else{
  30   2                              num>>=1;
  31   2                      }  */
  32   2              }
  33   1      }
  34          int main(void){
  35   1              LED_test();
  36   1              return 0;
  37   1      }


MODULE INFORMATION:   STATIC OVERLAYABLE
   CODE SIZE        =     84    ----
   CONSTANT SIZE    =   ----    ----
   XDATA SIZE       =   ----    ----
   PDATA SIZE       =   ----    ----
   DATA SIZE        =   ----    ----
   IDATA SIZE       =   ----    ----
   BIT SIZE         =   ----    ----
END OF MODULE INFORMATION.


C51 COMPILATION COMPLETE.  0 WARNING(S),  0 ERROR(S)
