C51 COMPILER V9.01   KEY8                                                                  06/12/2013 01:03:48 PAGE 1   


C51 COMPILER V9.01, COMPILATION OF MODULE KEY8
OBJECT MODULE PLACED IN key8.OBJ
COMPILER INVOKED BY: J:\Keil\C51\BIN\C51.EXE key8.c BROWSE DEBUG OBJECTEXTEND

line level    source

   1          #include "header.h"
   2          
   3          int key8_main(){
   4   1      
   5   1                 return 0;
   6   1      }


MODULE INFORMATION:   STATIC OVERLAYABLE
   CODE SIZE        =      4    ----
   CONSTANT SIZE    =   ----    ----
   XDATA SIZE       =   ----    ----
   PDATA SIZE       =   ----    ----
   DATA SIZE        =   ----    ----
   IDATA SIZE       =   ----    ----
   BIT SIZE         =   ----    ----
END OF MODULE INFORMATION.


C51 COMPILATION COMPLETE.  0 WARNING(S),  0 ERROR(S)
