C51 COMPILER V9.01   LED                                                                   06/12/2013 01:03:26 PAGE 1   


C51 COMPILER V9.01, COMPILATION OF MODULE LED
OBJECT MODULE PLACED IN led.OBJ
COMPILER INVOKED BY: J:\Keil\C51\BIN\C51.EXE led.c BROWSE DEBUG OBJECTEXTEND

line level    source

   1          #include "header.h"
   2          
   3          void delayms(u16 ms){
   4   1              uchar j=0;
   5   1              while(ms--){j=130;while(j--);}
   6   1      }
   7          void delay(u16 ms){
   8   1              delayms(ms);
   9   1      }
  10          
  11          
  12          void delays(u16 s){
  13   1              while(s--)delayms(1000);
  14   1      }
  15          
  16          #define LED_Port P2
  17          void LED_show(u8 num){
  18   1              LED_Port=num;
  19   1      }
  20          int num;
  21          sbit P2_0= P2^0;
  22          void int_1()interrupt 3
  23          {
  24   1      
  25   1              unsigned char n;
  26   1      
  27   1              TH1= 0x3c;
  28   1              TL1= 0xb0;                                       //3cb0是15535，则计时为（65535-15535=50000）us，即50ms
  29   1              TR1= 1;
  30   1              n++;
  31   1              if(n==10)                                        //0.5s  num加1
  32   1              {
  33   2                      num=~num;
  34   2                      n= 0;
  35   2              }
  36   1      
  37   1      }
  38          
  39          
  40          tmain()
  41          { 
  42   1              TMOD= 0X10;                                             //定时器1的工作方式1
  43   1              EA= 1;                                                  //开启总中断
  44   1              ET1= 1;                                                 //开启定时器中断1
  45   1              TH1= 0x3c;                                              //高位赋初值
  46   1              TL1= 0xb0;                                              //低位赋初值        3cb0是15535，则计时为（65535-15535=50000）us，即50ms
  47   1              TR1= 1;                                                 //启动定时器       T1
  48   1              num= 0;
  49   1              while(1)
  50   1              {
  51   2                      P2_0= num;
  52   2              }
  53   1      }
  54          void LED_test4(){
  55   1              char LED;
C51 COMPILER V9.01   LED                                                                   06/12/2013 01:03:26 PAGE 2   

  56   1              unsigned char i;
  57   1      
  58   1              while (1) 
  59   1              {        LED = 0xfe;
  60   2      
  61   2                      for (i = 0 ;i < 8 ; i++)
  62   2                      { 
  63   3                              P2  = LED;
  64   3                              delay(500);
  65   3                              LED = LED << 1;      // 左移
  66   3                              LED = LED | 0x01;        // 移位后，后面的位为高电平
  67   3                              if (LED == 0x7f)         break;   //提前退出 FOR 循环
  68   3                      }
  69   2      
  70   2                      for (i = 0 ;i < 8 ; i++)
  71   2                      {
  72   3      
  73   3                              P2  = LED;
  74   3                              delay(500);
  75   3                              LED = LED >> 1;  // 右移
  76   3                              LED = LED | 0x80;        // 移位后，后面的位为高电平
  77   3      
  78   3                      }
  79   2      
  80   2              }
  81   1      }
  82          void LED_test(){
  83   1              u8 num=0x03;
  84   1              while(1){
  85   2                      LED_show(num);
  86   2                      delays(1);
  87   2                      num=_cror_(num,1);
  88   2                      /*      if(num&0x01){
  89   2                              num>>=1;
  90   2                              num|=0x80;
  91   2                              }else{
  92   2                              num>>=1;
  93   2                              }  */
  94   2              }
  95   1      }
  96          int led_main(void){
  97   1              LED_test4();
  98   1              tmain();
  99   1              LED_test();
 100   1              LED_test();
 101   1              return 0;
 102   1      }


MODULE INFORMATION:   STATIC OVERLAYABLE
   CODE SIZE        =    212    ----
   CONSTANT SIZE    =   ----    ----
   XDATA SIZE       =   ----    ----
   PDATA SIZE       =   ----    ----
   DATA SIZE        =      2       1
   IDATA SIZE       =   ----    ----
   BIT SIZE         =   ----    ----
END OF MODULE INFORMATION.


C51 COMPILATION COMPLETE.  0 WARNING(S),  0 ERROR(S)
