C51 COMPILER V9.01   BEEP                                                                  06/13/2013 21:58:25 PAGE 1   


C51 COMPILER V9.01, COMPILATION OF MODULE BEEP
OBJECT MODULE PLACED IN beep.OBJ
COMPILER INVOKED BY: J:\Keil\C51\BIN\C51.EXE beep.c BROWSE DEBUG OBJECTEXTEND

line level    source

   1          #include "header.h"
   2          #include "key8.h"
   3          #include "beep.h"
   4          #include "led.h"
   5          static ulong mainLoopCount=0;
   6          
   7          #define Beep   P1_1
   8          
   9          #define _DO_TEST
  10          /**************test some thing****/
  11          #ifdef main
              #undef main
              #endif
  14          #define main test_main
  15          #ifdef main
  16          
  17          
  18          unsigned char n=0;  //n为节拍常数变量    
  19          unsigned char code music_tab[] ={   
  20          0x18, 0x30, 0x1C , 0x10, //格式为: 频率常数, 节拍常数, 频率常数, 节拍常数,    
  21          0x20, 0x40, 0x1C , 0x10,   
  22          0x18, 0x10, 0x20 , 0x10,   
  23          0x1C, 0x10, 0x18 , 0x40,   
  24          0x1C, 0x20, 0x20 , 0x20,   
  25          0x1C, 0x20, 0x18 , 0x20,   
  26          0x20, 0x80, 0xFF , 0x20,   
  27          0x30, 0x1C, 0x10 , 0x18,   
  28          0x20, 0x15, 0x20 , 0x1C,   
  29          0x20, 0x20, 0x20 , 0x26,   
  30          0x40, 0x20, 0x20 , 0x2B,   
  31          0x20, 0x26, 0x20 , 0x20,   
  32          0x20, 0x30, 0x80 , 0xFF,   
  33          0x20, 0x20, 0x1C , 0x10,   
  34          0x18, 0x10, 0x20 , 0x20,   
  35          0x26, 0x20, 0x2B , 0x20,   
  36          0x30, 0x20, 0x2B , 0x40,   
  37          0x20, 0x20, 0x1C , 0x10,   
  38          0x18, 0x10, 0x20 , 0x20,   
  39          0x26, 0x20, 0x2B , 0x20,   
  40          0x30, 0x20, 0x2B , 0x40,   
  41          0x20, 0x30, 0x1C , 0x10,   
  42          0x18, 0x20, 0x15 , 0x20,   
  43          0x1C, 0x20, 0x20 , 0x20,   
  44          0x26, 0x40, 0x20 , 0x20,   
  45          0x2B, 0x20, 0x26 , 0x20,   
  46          0x20, 0x20, 0x30 , 0x80,   
  47          0x20, 0x30, 0x1C , 0x10,   
  48          0x20, 0x10, 0x1C , 0x10,   
  49          0x20, 0x20, 0x26 , 0x20,   
  50          0x2B, 0x20, 0x30 , 0x20,   
  51          0x2B, 0x40, 0x20 , 0x15,   
  52          0x1F, 0x05, 0x20 , 0x10,   
  53          0x1C, 0x10, 0x20 , 0x20,   
  54          0x26, 0x20, 0x2B , 0x20,   
  55          0x30, 0x20, 0x2B , 0x40,   
C51 COMPILER V9.01   BEEP                                                                  06/13/2013 21:58:25 PAGE 2   

  56          0x20, 0x30, 0x1C , 0x10,   
  57          0x18, 0x20, 0x15 , 0x20,   
  58          0x1C, 0x20, 0x20 , 0x20,   
  59          0x26, 0x40, 0x20 , 0x20,   
  60          0x2B, 0x20, 0x26 , 0x20,   
  61          0x20, 0x20, 0x30 , 0x30,   
  62          0x20, 0x30, 0x1C , 0x10,   
  63          0x18, 0x40, 0x1C , 0x20,   
  64          0x20, 0x20, 0x26 , 0x40,   
  65          0x13, 0x60, 0x18 , 0x20,   
  66          0x15, 0x40, 0x13 , 0x40,   
  67          0x18, 0x80, 0x00   
  68          };   
  69          
  70          typedef union U16_2{
  71                  struct{
  72                  u8 H;
  73                          u8 L;
  74                          
  75                  }d8;
  76                  u16 d16;
  77          }U16_2;
  78          U16_2 TBuffer;
  79          ulong beepCount=0;
  80          ulong beepLength=0;
  81          static uchar pVoice=0; 
  82          void int0()  interrupt 1   //采用中断0 控制节拍    
  83          {  
  84   1         TH0=TBuffer.d8.H;   
  85   1         TL0=TBuffer.d8.L;  
  86   1         Beep=~(Beep);
  87   1         beepCount++;
  88   1         while(beepCount>=beepLength){
  89   2                 TR0=0; 
  90   2         }
  91   1      }   
  92           
  93          #define delay newDelay 
  94          void delay (unsigned char m)   //控制频率延时    
  95          {   
  96   1       unsigned i=3*m;   
  97   1       while(--i);   
  98   1      }   
  99          
 100          void myInit(){
 101   1        TMOD&=0x0f;   
 102   1        TMOD|=0x01;   
 103   1        TH0=0xd8;TL0=0xef;   
 104   1        IE=0x82;
 105   1        TR0=0; 
 106   1      }
 107             
 108          void main()   
 109          { 
 110   1        
 111   1        myInit(); 
 112   1         
 113   1      while(1){
 114   2               if(beepCount<beepLength){//singing....
 115   3               }else{//switch to next voice.
 116   3                      uchar m=music_tab[pVoice++];
 117   3                      uchar n=music_tab[pVoice++];
C51 COMPILER V9.01   BEEP                                                                  06/13/2013 21:58:25 PAGE 3   

 118   3                      if(m==0x00){pVoice=0;delays(1);}
 119   3                      else if(m==0xff){delayms(100);}else{
 120   4                      //
 121   4                      beepCount=0;
 122   4                      beepLength=(ulong)n*9000; //the voice length.
 123   4                      TBuffer.d16=(u16)m*20;//=T=1/f;
 124   4                      beepLength/=TBuffer.d16;
 125   4                      TBuffer.d16=65535-TBuffer.d16; //change to right format for timer.
 126   4                      //
 127   4                      TR0=1;
 128   4                      }
 129   3               }
 130   2      }
 131   1      
 132   1      }
 133          
 134          
 135          
 136          
 137          #endif
 138          #ifdef main
 139          #undef main
 140          #endif
 141          /************end test****/
 142          
 143          
 144          
 145                  
 146          static void init(){
 147   1      myInit();
 148   1       
 149   1      }
 150          
 151          static void mainLoop(){
 152   1      #define SELECT 1
 153   1      
 154   1        
 155   1      #if SELECT==1
 156   1      if(mainLoopCount%500==0){
 157   2      
 158   2      }
 159   1       
 160   1      /**************Bug: needed to fix****/
 161   1      pVoice=0;
 162   1      if(isKeyPress(0)){
 163   2      
 164   2                  uchar m=music_tab[pVoice++];
 165   2                      uchar n=music_tab[pVoice++];
 166   2                      if(m==0x00){pVoice=0;delays(1);}
 167   2                      else if(m==0xff){delayms(100);}else{
 168   3                      
 169   3                      //
 170   3                      beepCount=0;
 171   3                      beepLength=(ulong)n*9000; //the voice length.
 172   3                      TBuffer.d16=(u16)m*20;//=T=1/f;
 173   3                      beepLength/=TBuffer.d16;
 174   3                      TBuffer.d16=65535-TBuffer.d16; //change to right format for timer.
 175   3                      //
 176   3                      TR0=1;
 177   3                      }
 178   2      }
 179   1      if(isKeyPress(1)){
C51 COMPILER V9.01   BEEP                                                                  06/13/2013 21:58:25 PAGE 4   

 180   2              P1_1=1;
 181   2      }
 182   1      
 183   1      #endif
 184   1      
 185   1      #if SELECT==2
                      
              #endif
 188   1      #if SELECT==0
                      
              #endif
 191   1      
 192   1      
 193   1      
 194   1      }
 195          
 196          
 197          int beep_main(){
 198   1      #ifdef DO_TEST
              test_main();
              #endif
 201   1              mainLoopCount=0;
 202   1              init();
 203   1              while(1)
 204   1              {
 205   2                      processKey();
 206   2                      mainLoop();
 207   2                      mainLoopCount++;
 208   2              }
 209   1              return 0;
 210   1      }


MODULE INFORMATION:   STATIC OVERLAYABLE
   CODE SIZE        =    525    ----
   CONSTANT SIZE    =    191    ----
   XDATA SIZE       =   ----    ----
   PDATA SIZE       =   ----    ----
   DATA SIZE        =     16       4
   IDATA SIZE       =   ----    ----
   BIT SIZE         =   ----    ----
END OF MODULE INFORMATION.


C51 COMPILATION COMPLETE.  0 WARNING(S),  0 ERROR(S)
