C51 COMPILER V9.01   HEADER                                                                08/15/2013 04:13:16 PAGE 1   


C51 COMPILER V9.01, COMPILATION OF MODULE HEADER
OBJECT MODULE PLACED IN header.OBJ
COMPILER INVOKED BY: J:\Keil\C51\BIN\C51.EXE header.c BROWSE DEBUG OBJECTEXTEND TABS(2)

line level    source

   1          #include "header.h"
   2          
   3          void delayus(u16 us){while(us--);}
   4          void delayms(u16 ms){
   5   1        uchar j=0;
   6   1        while(ms--){j=130;while(j--);}
   7   1      }
   8          void delays(u16 s){
   9   1        while(s--)delayms(1000);
  10   1      }
  11          void delay(u16 ms){
  12   1        delayms(ms);
  13   1      }
  14          
  15          uchar bit_inv(uchar ch){
  16   1        uchar res=0;
  17   1        uchar i=0;
  18   1        for(i=0;i<8;i++){
  19   2          res<<=1;
  20   2          res+=ch&0x01;
  21   2          ch>>=1;
  22   2        }
  23   1        return res;
  24   1      }


MODULE INFORMATION:   STATIC OVERLAYABLE
   CODE SIZE        =     85    ----
   CONSTANT SIZE    =   ----    ----
   XDATA SIZE       =   ----    ----
   PDATA SIZE       =   ----    ----
   DATA SIZE        =   ----    ----
   IDATA SIZE       =   ----    ----
   BIT SIZE         =   ----    ----
END OF MODULE INFORMATION.


C51 COMPILATION COMPLETE.  0 WARNING(S),  0 ERROR(S)
