C51 COMPILER V9.01   LCD                                                                   06/13/2013 21:59:15 PAGE 1   


C51 COMPILER V9.01, COMPILATION OF MODULE LCD
OBJECT MODULE PLACED IN lcd.OBJ
COMPILER INVOKED BY: J:\Keil\C51\BIN\C51.EXE lcd.c BROWSE DEBUG OBJECTEXTEND

line level    source

   1          #include "LCD.h"
   2          #include "key8.h"
   3          #include "led.h"
   4          static ulong mainLoopCount=0;
   5          
   6                                                                                   
   7          /***************LCD 1602**************/
   8          bit LCD_busy()                                                             
   9          {                                                                          
  10   1          bit result;                                                            
  11   1          LCD_RS = 0;                                                            
  12   1          LCD_RW = 1;                                                            
  13   1          LCD_EN = 1;                                                            
  14   1          _nop_();                                                               
  15   1          _nop_();                                                               
  16   1          _nop_();                                                               
  17   1          _nop_();                                                               
  18   1          result = (bit)(P0&0x80);                                              
  19   1          LCD_EN = 0;                                                            
  20   1          return result;                                                         
  21   1      } 
  22           
  23          void LCD_wcmd(uchar cmd)                                                   
  24          {                                                                          
  25   1         while(LCD_busy());                                                      
  26   1          LCD_RS = 0;                                                            
  27   1          LCD_RW = 0;                                                            
  28   1          LCD_EN = 0;                                                                                           
             -                           
  29   1          P0 = cmd;                                                                                             
             -                            
  30   1          LCD_EN = 1;                                                
  31   1          _nop_();                                                               
  32   1          _nop_();                                                               
  33   1          _nop_();                                                               
  34   1          _nop_();                                                               
  35   1          LCD_EN = 0; 
  36   1      }  
  37          void LCD_wdat(uchar dat)                                                   
  38          {                                                                          
  39   1         while(LCD_busy());                                                      
  40   1          LCD_RS = 1;                                                            
  41   1          LCD_RW = 0;                                                            
  42   1          LCD_EN = 0;                                                            
  43   1          LCD_DATA = dat;                                                                                       
             -                                      
  44   1          LCD_EN = 1;                                                            
  45   1          _nop_();                                                               
  46   1          _nop_();                                                               
  47   1          _nop_();                                                               
  48   1          _nop_();                                                               
  49   1          LCD_EN= 0; 
  50   1      }
  51          /****/
  52          void LCD_clear()                                                             
C51 COMPILER V9.01   LCD                                                                   06/13/2013 21:59:15 PAGE 2   

  53          {                                                                          
  54   1          LCD_wcmd(0x01);  
  55   1              delayus(2);     
  56   1      }  
  57          void LCD_reset()                                                             
  58          {                                                                          
  59   1          LCD_wcmd(0x02);                       
  60   1          delayus(2);                                                              
  61   1      }
  62          void LCD_ctl(BOOL screen,BOOL cursor,BOOL twinkle){
  63   1              LCD_wcmd((LCD_CMD_CURORCTL)|((uchar)screen<<2)|((uchar)cursor<<1)|((uchar)twinkle<<0));
  64   1              delayus(40); 
  65   1      }
  66          void LCD_offset(BOOL cursorScreen,BOOL leftRight){
  67   1              LCD_wcmd((LCD_CMD_MOVE)|((uchar)cursorScreen<<3)|((uchar)leftRight<<2));
  68   1              delayus(40);
  69   1      }
  70          void LCD_pos(uchar pos,uchar row)                                                    
  71          {   
  72   1      if(row==0)LCD_wcmd(pos|LCD_CMD_DDRAM);      //数据指针=80+地址变量  
  73   1       else LCD_wcmd((pos+0x40)|LCD_CMD_DDRAM);
  74   1              delayus(40);   
  75   1      } 
  76          void LCD_put(uchar ch){
  77   1              LCD_wdat(ch);
  78   1              delayus(40);
  79   1      }
  80          void LCD_show(char *str){
  81   1      uchar len=0;
  82   1      LCD_pos(0,0);
  83   1      while(*str&&len<16){LCD_put(*str++);len++;}
  84   1      if(*str){
  85   2      LCD_pos(0,1);
  86   2      len=0;
  87   2      while(*str&&len<16){LCD_put(*str++);len++;}
  88   2      }
  89   1      }
  90          /*************/                                                                       
  91          void LCD_init()                                                            
  92          {                                                                          
  93   1          delayms(10);                     //等待LCD电源稳定                                                    
             -                          
  94   1          LCD_wcmd(LCD_CMD_FUNCSET|(1<<4)|(1<<3)|(1<<2));  
  95   1              delayus(40);                                                                                                
             -                                     
  96   1          LCD_ctl(TRUE,FALSE,FALSE);                                                                            
             -          
  97   1          LCD_wcmd(LCD_CMD_INPUTMETHOD|(1<<1)|(0<<0));//移动光标 
  98   1              delayus(40);                                                                
  99   1          LCD_clear();
 100   1              LCD_reset();
 101   1              LCD_pos(0x00,1);        
 102   1      }                                                                          
 103                                                                             
 104          void LCD_flash()                                                               
 105          {                                                                          
 106   1          delayms(600);                     //控制停留时间                         
 107   1          LCD_ctl(FALSE,FALSE,FALSE);            //关闭显示                                  
 108   1          delayms(200);                    //延时                                  
 109   1          LCD_ctl(TRUE,FALSE,FALSE);           //开显示                                    
 110   1          delayms(200);                                                            
 111   1          LCD_ctl(FALSE,FALSE,FALSE);          //关闭显示                                  
C51 COMPILER V9.01   LCD                                                                   06/13/2013 21:59:15 PAGE 3   

 112   1          delayms(200);                     //延时                                 
 113   1          LCD_ctl(TRUE,FALSE,FALSE);            //开显示                                    
 114   1          delayms(200);                                                            
 115   1      }                                                                          
 116                                                                                     
 117          /***************end LCD**************/
 118          
 119          
 120          #define _DO_TEST
 121          /**************test some thing****/
 122          #ifdef main
              #undef main
              #endif
 125          #define main static test_main
 126          #ifdef main
 127          
 128                                                                                 
 129                          
 130          #endif
 131          #ifdef main
 132          #undef main
 133          #endif
 134          /************end test****/
 135          
 136          
 137          #define INT0_CALLBACK_FUNC updater
 138          #include "timer.h"
 139          void updater(){
 140   1              processKey();
 141   1      }
 142          
 143          static void init(){
 144   1              INT0_init();
 145   1              LCD_init(); 
 146   1      }
 147          
 148          static void mainLoop(){
 149   1      #define SELECT 1
 150   1      
 151   1      #if SELECT==1
 152   1      uchar i;   
 153   1      LCD_show("Press any key, e.g.K1. --By Eric");
 154   1      for(i=0;i<8;i++){
 155   2              if(isKeyPress(i)){
 156   3                      LCD_clear();
 157   3                      LCD_show("This is Key");
 158   3                      LCD_put(i+'0');
 159   3                      LCD_put('!');
 160   3                      delayms(500);
 161   3              }
 162   2      }
 163   1      
 164   1      #endif
 165   1      
 166   1      #if SELECT==2
                      
              #endif
 169   1      #if SELECT==0
                      
              #endif
 172   1      }
 173          
C51 COMPILER V9.01   LCD                                                                   06/13/2013 21:59:15 PAGE 4   

 174          
 175          int LCD_main(){
 176   1      #ifdef DO_TEST
              test_main();
              #endif
 179   1              mainLoopCount=0;
 180   1              init();
 181   1              while(1)
 182   1              {
 183   2                      
 184   2                      mainLoop();
 185   2                      mainLoopCount++;
 186   2              }
 187   1              return 0;
 188   1      }


MODULE INFORMATION:   STATIC OVERLAYABLE
   CODE SIZE        =    589    ----
   CONSTANT SIZE    =     45    ----
   XDATA SIZE       =   ----    ----
   PDATA SIZE       =   ----    ----
   DATA SIZE        =      4       5
   IDATA SIZE       =   ----    ----
   BIT SIZE         =   ----       6
END OF MODULE INFORMATION.


C51 COMPILATION COMPLETE.  0 WARNING(S),  0 ERROR(S)
