C51 COMPILER V9.01   LED                                                                   08/15/2013 04:17:54 PAGE 1   


C51 COMPILER V9.01, COMPILATION OF MODULE LED
OBJECT MODULE PLACED IN led.OBJ
COMPILER INVOKED BY: J:\Keil\C51\BIN\C51.EXE led.c BROWSE DEBUG OBJECTEXTEND TABS(2)

line level    source

   1          #include "header.h"
   2          #include "led.h"
   3          void LED_show(u8 num){
   4   1        LED_Port=bit_inv(num);
   5   1      }
   6          
   7          int led_main(void){
   8   1        static uchar num=0;
   9   1        while(1){
  10   2          LED_show(num--);
  11   2          delays(1);
  12   2        }
  13   1        return 0;
  14   1      }


MODULE INFORMATION:   STATIC OVERLAYABLE
   CODE SIZE        =     22    ----
   CONSTANT SIZE    =   ----    ----
   XDATA SIZE       =   ----    ----
   PDATA SIZE       =   ----    ----
   DATA SIZE        =      1    ----
   IDATA SIZE       =   ----    ----
   BIT SIZE         =   ----    ----
END OF MODULE INFORMATION.


C51 COMPILATION COMPLETE.  0 WARNING(S),  0 ERROR(S)
