C51 COMPILER V9.01   D7LED                                                                 08/15/2013 07:56:31 PAGE 1   


C51 COMPILER V9.01, COMPILATION OF MODULE D7LED
OBJECT MODULE PLACED IN d7led.OBJ
COMPILER INVOKED BY: J:\Keil\C51\BIN\C51.EXE d7led.c BROWSE DEBUG OBJECTEXTEND TABS(2)

line level    source

   1          #include "header.h"
   2          #include "d7led.h"
   3          /***********************d7led***************/
   4          uchar code digitToD7led[16]={0x3F,0x06,0x5B,0x4F,0x66,0x6D,0x7D,0x07,0x7F,0x6F,0x77,0x7C,0x39,0x5E,0x79,0x
             -71};
   5          uchar d7led_outputBuffer[8]={0,0,0,0,0,0,0,0};
   6          uchar d7led_cur=0;
   7          void D7LED_showc(uchar num){
   8   1        d7led_port=digitToD7led[num];
   9   1        d7led_Select_port=7-d7led_cur;
  10   1      }
  11          void D7LED_show(ulong num){
  12   1        uchar i=0;
  13   1      #define BASE 10
  14   1        while(num){
  15   2          d7led_outputBuffer[i]=digitToD7led[num%BASE];
  16   2          num/=BASE;
  17   2          i++;
  18   2        }
  19   1        if(i==0)d7led_outputBuffer[i++]=digitToD7led[0];
  20   1        /**delete the leading 0**/
  21   1        for(;i<8;i++)d7led_outputBuffer[i]=0;
  22   1      }
  23          void D7LED_refresh(){
  24   1        d7led_cur++;if(d7led_cur>=8)d7led_cur-=8;
  25   1        d7led_port=d7led_outputBuffer[d7led_cur];
  26   1        d7led_Select_port=7-d7led_cur;
  27   1      }
  28          /***********************end d7led***************/
  29          
  30          


MODULE INFORMATION:   STATIC OVERLAYABLE
   CODE SIZE        =    167    ----
   CONSTANT SIZE    =     16    ----
   XDATA SIZE       =   ----    ----
   PDATA SIZE       =   ----    ----
   DATA SIZE        =      9       5
   IDATA SIZE       =   ----    ----
   BIT SIZE         =   ----    ----
END OF MODULE INFORMATION.


C51 COMPILATION COMPLETE.  0 WARNING(S),  0 ERROR(S)
