C51 COMPILER V9.01   MAIN                                                                  08/15/2013 09:08:57 PAGE 1   


C51 COMPILER V9.01, COMPILATION OF MODULE MAIN
OBJECT MODULE PLACED IN main.OBJ
COMPILER INVOKED BY: J:\Keil\C51\BIN\C51.EXE main.c BROWSE DEBUG OBJECTEXTEND TABS(2)

line level    source

   1          #include "header.h"
   2          #include "d7led.h"
   3          #include "algorithm.h"
   4          #include "ultrasonic.h"
   5          void initInterrupt();
   6          void d7led_main();
   7          void d7led_main(){
   8   1        
   9   1        while(1)
  10   1        {
  11   2          D7LED_refresh();
  12   2          delayms(1);
  13   2        }
  14   1      }
  15          
  16          #define TIMER_GATE(bit) ((bit)<<3)
  17          /*0: only controlled by TR0/TR1
  18          1: controlled by both of TR0/TR1 and INT0/INT1
  19          */
  20          #define TIMER_TC(bit) ((bit)<<2) //0:timer,1 for counter.
  21          #define TIMER_MODE(t) (t) 
  22          /*
  23          0:13bit-coutner,N=13,
  24          1:16bit-counter,N=16
  25          2: two 8bit-counter,auto initialized with initial value,N=8
  26          3: two 8bit-counter,only work for T0,N=8
  27          */
  28          
  29          #define BIT_HIGH8(m) ((m)>>4)
  30          #define BIT_LOW8(m) ((m)&0xff)
  31          
  32          
  33          #define TIMER0_INIT(m) TMOD&=0xff00;TMOD|=(m);
  34          #define TIMER0_START TR0=1
  35          #define TIMER0_SET(m) TH0=BIT_HIGH8((0x10000-(m)));TL0=BIT_LOW8((0x10000-(m)));
  36          
  37          #define TIMER1_INIT(m) TMOD&=0x00ff;TMOD|=((m)<<4);
  38          #define ENABLE_ALL_INT EA=1
  39          #define ENABLE_TIMER0 ET0=1
  40          
  41          
  42          
  43          
  44          
  45          timer0() interrupt 1  
  46          {  /****for the leds scan dispaly****/
  47   1        TIMER0_SET(0x000f);
  48   1        
  49   1        D7LED_refresh();
  50   1      }
  51          
  52          void initTimer0(){
  53   1        
  54   1      }
  55          
C51 COMPILER V9.01   MAIN                                                                  08/15/2013 09:08:57 PAGE 2   

  56          
  57          static void init(){
  58   1      /****/
  59   1      TIMER0_INIT(TIMER_GATE(0)|TIMER_TC(0)|TIMER_MODE(1));
  60   1      ENABLE_TIMER0;
  61   1      ENABLE_ALL_INT;
  62   1      TIMER0_START;
  63   1      
  64   1      }
  65          
  66          void main(void){
  67   1      init();
  68   1      
  69   1      D7LED_show(2345678);
  70   1      while(1);
  71   1      
  72   1      initInterrupt();
  73   1      D7LED_show(2345678);
  74   1      while(1);
  75   1        d7led_main();
  76   1        
  77   1        
  78   1      }


MODULE INFORMATION:   STATIC OVERLAYABLE
   CODE SIZE        =    107    ----
   CONSTANT SIZE    =   ----    ----
   XDATA SIZE       =   ----    ----
   PDATA SIZE       =   ----    ----
   DATA SIZE        =   ----    ----
   IDATA SIZE       =   ----    ----
   BIT SIZE         =   ----    ----
END OF MODULE INFORMATION.


C51 COMPILATION COMPLETE.  0 WARNING(S),  0 ERROR(S)
